{"/Users/andreaceltich/Documents/DEV/Inhouse/DDA2-Inhouse-Backend/app.js": {"path":"/Users/andreaceltich/Documents/DEV/Inhouse/DDA2-Inhouse-Backend/app.js","statementMap":{"0":{"start":{"line":1,"column":16},"end":{"line":1,"column":34}},"1":{"start":{"line":2,"column":19},"end":{"line":2,"column":41}},"2":{"start":{"line":3,"column":15},"end":{"line":3,"column":44}},"3":{"start":{"line":4,"column":13},"end":{"line":4,"column":28}},"4":{"start":{"line":5,"column":0},"end":{"line":5,"column":27}},"5":{"start":{"line":9,"column":4},"end":{"line":9,"column":15}},"6":{"start":{"line":11,"column":17},"end":{"line":11,"column":36}},"7":{"start":{"line":13,"column":12},"end":{"line":13,"column":21}},"8":{"start":{"line":15,"column":0},"end":{"line":15,"column":16}},"9":{"start":{"line":17,"column":0},"end":{"line":17,"column":51}},"10":{"start":{"line":19,"column":0},"end":{"line":19,"column":26}},"11":{"start":{"line":21,"column":0},"end":{"line":23,"column":1}},"12":{"start":{"line":22,"column":4},"end":{"line":22,"column":77}},"13":{"start":{"line":22,"column":40},"end":{"line":22,"column":76}},"14":{"start":{"line":25,"column":0},"end":{"line":25,"column":17}},"15":{"start":{"line":27,"column":0},"end":{"line":27,"column":21}}},"fnMap":{"0":{"name":"(anonymous_0)","decl":{"start":{"line":22,"column":34},"end":{"line":22,"column":35}},"loc":{"start":{"line":22,"column":40},"end":{"line":22,"column":76}},"line":22}},"branchMap":{"0":{"loc":{"start":{"line":21,"column":0},"end":{"line":23,"column":1}},"type":"if","locations":[{"start":{"line":21,"column":0},"end":{"line":23,"column":1}},{"start":{},"end":{}}],"line":21}},"s":{"0":2,"1":2,"2":2,"3":2,"4":2,"5":2,"6":2,"7":2,"8":2,"9":2,"10":2,"11":2,"12":2,"13":1,"14":2,"15":2},"f":{"0":1},"b":{"0":[2,0]},"_coverageSchema":"1a1c01bbd47fc00a2c39e90264f33305004495a9","hash":"8347e5c67a9b5667474818e2f6764521d2cb0dbc"}
,"/Users/andreaceltich/Documents/DEV/Inhouse/DDA2-Inhouse-Backend/app/controllers/userController.js": {"path":"/Users/andreaceltich/Documents/DEV/Inhouse/DDA2-Inhouse-Backend/app/controllers/userController.js","statementMap":{"0":{"start":{"line":1,"column":19},"end":{"line":1,"column":44}},"1":{"start":{"line":2,"column":31},"end":{"line":2,"column":70}},"2":{"start":{"line":4,"column":15},"end":{"line":16,"column":1}},"3":{"start":{"line":5,"column":17},"end":{"line":8,"column":6}},"4":{"start":{"line":9,"column":44},"end":{"line":9,"column":72}},"5":{"start":{"line":10,"column":4},"end":{"line":10,"column":34}},"6":{"start":{"line":11,"column":4},"end":{"line":11,"column":41}},"7":{"start":{"line":13,"column":4},"end":{"line":15,"column":72}},"8":{"start":{"line":14,"column":22},"end":{"line":14,"column":48}},"9":{"start":{"line":15,"column":24},"end":{"line":15,"column":70}},"10":{"start":{"line":18,"column":17},"end":{"line":21,"column":71}},"11":{"start":{"line":19,"column":4},"end":{"line":21,"column":71}},"12":{"start":{"line":20,"column":22},"end":{"line":20,"column":48}},"13":{"start":{"line":21,"column":24},"end":{"line":21,"column":70}},"14":{"start":{"line":23,"column":16},"end":{"line":27,"column":1}},"15":{"start":{"line":24,"column":4},"end":{"line":26,"column":72}},"16":{"start":{"line":25,"column":22},"end":{"line":25,"column":48}},"17":{"start":{"line":26,"column":24},"end":{"line":26,"column":70}},"18":{"start":{"line":30,"column":0},"end":{"line":30,"column":46}}},"fnMap":{"0":{"name":"(anonymous_0)","decl":{"start":{"line":4,"column":15},"end":{"line":4,"column":16}},"loc":{"start":{"line":4,"column":41},"end":{"line":16,"column":1}},"line":4},"1":{"name":"(anonymous_1)","decl":{"start":{"line":14,"column":14},"end":{"line":14,"column":15}},"loc":{"start":{"line":14,"column":22},"end":{"line":14,"column":48}},"line":14},"2":{"name":"(anonymous_2)","decl":{"start":{"line":15,"column":15},"end":{"line":15,"column":16}},"loc":{"start":{"line":15,"column":24},"end":{"line":15,"column":70}},"line":15},"3":{"name":"(anonymous_3)","decl":{"start":{"line":18,"column":17},"end":{"line":18,"column":18}},"loc":{"start":{"line":19,"column":4},"end":{"line":21,"column":71}},"line":19},"4":{"name":"(anonymous_4)","decl":{"start":{"line":20,"column":14},"end":{"line":20,"column":15}},"loc":{"start":{"line":20,"column":22},"end":{"line":20,"column":48}},"line":20},"5":{"name":"(anonymous_5)","decl":{"start":{"line":21,"column":15},"end":{"line":21,"column":16}},"loc":{"start":{"line":21,"column":24},"end":{"line":21,"column":70}},"line":21},"6":{"name":"(anonymous_6)","decl":{"start":{"line":23,"column":16},"end":{"line":23,"column":17}},"loc":{"start":{"line":23,"column":42},"end":{"line":27,"column":1}},"line":23},"7":{"name":"(anonymous_7)","decl":{"start":{"line":25,"column":14},"end":{"line":25,"column":15}},"loc":{"start":{"line":25,"column":22},"end":{"line":25,"column":48}},"line":25},"8":{"name":"(anonymous_8)","decl":{"start":{"line":26,"column":15},"end":{"line":26,"column":16}},"loc":{"start":{"line":26,"column":24},"end":{"line":26,"column":70}},"line":26}},"branchMap":{},"s":{"0":3,"1":3,"2":3,"3":3,"4":3,"5":3,"6":3,"7":3,"8":2,"9":1,"10":3,"11":3,"12":2,"13":1,"14":3,"15":3,"16":2,"17":1,"18":3},"f":{"0":3,"1":2,"2":1,"3":3,"4":2,"5":1,"6":3,"7":2,"8":1},"b":{},"_coverageSchema":"1a1c01bbd47fc00a2c39e90264f33305004495a9","hash":"55dd67d77467e6fb9daa3b59155b5b34d60d5150"}
,"/Users/andreaceltich/Documents/DEV/Inhouse/DDA2-Inhouse-Backend/app/helpers/constants.js": {"path":"/Users/andreaceltich/Documents/DEV/Inhouse/DDA2-Inhouse-Backend/app/helpers/constants.js","statementMap":{"0":{"start":{"line":1,"column":33},"end":{"line":1,"column":51}},"1":{"start":{"line":2,"column":37},"end":{"line":2,"column":63}},"2":{"start":{"line":3,"column":43},"end":{"line":3,"column":86}},"3":{"start":{"line":4,"column":32},"end":{"line":4,"column":45}},"4":{"start":{"line":6,"column":27},"end":{"line":23,"column":1}},"5":{"start":{"line":25,"column":38},"end":{"line":25,"column":48}},"6":{"start":{"line":26,"column":37},"end":{"line":26,"column":46}},"7":{"start":{"line":27,"column":37},"end":{"line":27,"column":46}},"8":{"start":{"line":28,"column":38},"end":{"line":28,"column":45}},"9":{"start":{"line":29,"column":46},"end":{"line":29,"column":61}},"10":{"start":{"line":30,"column":49},"end":{"line":30,"column":67}},"11":{"start":{"line":31,"column":44},"end":{"line":31,"column":57}},"12":{"start":{"line":32,"column":33},"end":{"line":32,"column":43}},"13":{"start":{"line":33,"column":33},"end":{"line":33,"column":43}},"14":{"start":{"line":34,"column":32},"end":{"line":34,"column":41}},"15":{"start":{"line":36,"column":29},"end":{"line":40,"column":1}},"16":{"start":{"line":42,"column":32},"end":{"line":47,"column":1}},"17":{"start":{"line":49,"column":24},"end":{"line":53,"column":1}},"18":{"start":{"line":55,"column":28},"end":{"line":60,"column":1}},"19":{"start":{"line":62,"column":0},"end":{"line":76,"column":2}}},"fnMap":{},"branchMap":{},"s":{"0":4,"1":4,"2":4,"3":4,"4":4,"5":4,"6":4,"7":4,"8":4,"9":4,"10":4,"11":4,"12":4,"13":4,"14":4,"15":4,"16":4,"17":4,"18":4,"19":4},"f":{},"b":{},"_coverageSchema":"1a1c01bbd47fc00a2c39e90264f33305004495a9","hash":"4afafc5cf1453d42e3a3decde59a4103a8bc9108"}
,"/Users/andreaceltich/Documents/DEV/Inhouse/DDA2-Inhouse-Backend/app/helpers/creditScoreHelper.js": {"path":"/Users/andreaceltich/Documents/DEV/Inhouse/DDA2-Inhouse-Backend/app/helpers/creditScoreHelper.js","statementMap":{"0":{"start":{"line":1,"column":21},"end":{"line":1,"column":45}},"1":{"start":{"line":2,"column":13},"end":{"line":2,"column":28}},"2":{"start":{"line":3,"column":52},"end":{"line":3,"column":74}},"3":{"start":{"line":4,"column":46},"end":{"line":4,"column":64}},"4":{"start":{"line":6,"column":34},"end":{"line":14,"column":1}},"5":{"start":{"line":7,"column":23},"end":{"line":7,"column":25}},"6":{"start":{"line":8,"column":4},"end":{"line":12,"column":6}},"7":{"start":{"line":9,"column":12},"end":{"line":11,"column":14}},"8":{"start":{"line":10,"column":16},"end":{"line":10,"column":101}},"9":{"start":{"line":13,"column":4},"end":{"line":13,"column":22}},"10":{"start":{"line":16,"column":32},"end":{"line":24,"column":1}},"11":{"start":{"line":18,"column":4},"end":{"line":22,"column":7}},"12":{"start":{"line":19,"column":8},"end":{"line":21,"column":9}},"13":{"start":{"line":20,"column":12},"end":{"line":20,"column":56}},"14":{"start":{"line":23,"column":4},"end":{"line":23,"column":26}},"15":{"start":{"line":26,"column":27},"end":{"line":43,"column":1}},"16":{"start":{"line":27,"column":73},"end":{"line":27,"column":81}},"17":{"start":{"line":28,"column":23},"end":{"line":34,"column":11}},"18":{"start":{"line":35,"column":27},"end":{"line":35,"column":52}},"19":{"start":{"line":36,"column":26},"end":{"line":36,"column":111}},"20":{"start":{"line":37,"column":23},"end":{"line":37,"column":84}},"21":{"start":{"line":38,"column":4},"end":{"line":41,"column":5}},"22":{"start":{"line":40,"column":8},"end":{"line":40,"column":74}},"23":{"start":{"line":42,"column":4},"end":{"line":42,"column":91}},"24":{"start":{"line":45,"column":0},"end":{"line":48,"column":1}}},"fnMap":{"0":{"name":"(anonymous_0)","decl":{"start":{"line":6,"column":34},"end":{"line":6,"column":35}},"loc":{"start":{"line":6,"column":48},"end":{"line":14,"column":1}},"line":6},"1":{"name":"(anonymous_1)","decl":{"start":{"line":8,"column":31},"end":{"line":8,"column":32}},"loc":{"start":{"line":8,"column":44},"end":{"line":12,"column":5}},"line":8},"2":{"name":"(anonymous_2)","decl":{"start":{"line":9,"column":38},"end":{"line":9,"column":39}},"loc":{"start":{"line":9,"column":48},"end":{"line":11,"column":13}},"line":9},"3":{"name":"(anonymous_3)","decl":{"start":{"line":16,"column":32},"end":{"line":16,"column":33}},"loc":{"start":{"line":16,"column":49},"end":{"line":24,"column":1}},"line":16},"4":{"name":"(anonymous_4)","decl":{"start":{"line":18,"column":45},"end":{"line":18,"column":46}},"loc":{"start":{"line":18,"column":54},"end":{"line":22,"column":5}},"line":18},"5":{"name":"(anonymous_5)","decl":{"start":{"line":26,"column":27},"end":{"line":26,"column":28}},"loc":{"start":{"line":26,"column":41},"end":{"line":43,"column":1}},"line":26}},"branchMap":{"0":{"loc":{"start":{"line":10,"column":59},"end":{"line":10,"column":100}},"type":"cond-expr","locations":[{"start":{"line":10,"column":95},"end":{"line":10,"column":96}},{"start":{"line":10,"column":99},"end":{"line":10,"column":100}}],"line":10},"1":{"loc":{"start":{"line":19,"column":8},"end":{"line":21,"column":9}},"type":"if","locations":[{"start":{"line":19,"column":8},"end":{"line":21,"column":9}},{"start":{},"end":{}}],"line":19},"2":{"loc":{"start":{"line":38,"column":4},"end":{"line":41,"column":5}},"type":"if","locations":[{"start":{"line":38,"column":4},"end":{"line":41,"column":5}},{"start":{},"end":{}}],"line":38}},"s":{"0":3,"1":3,"2":3,"3":3,"4":3,"5":3,"6":3,"7":12,"8":33,"9":3,"10":3,"11":2,"12":8,"13":5,"14":2,"15":3,"16":2,"17":2,"18":2,"19":2,"20":2,"21":2,"22":0,"23":2,"24":3},"f":{"0":3,"1":12,"2":33,"3":2,"4":8,"5":2},"b":{"0":[12,21],"1":[5,3],"2":[0,2]},"_coverageSchema":"1a1c01bbd47fc00a2c39e90264f33305004495a9","hash":"049afffd3f94875c9b82ce57eb8f277bf7cfdf69"}
,"/Users/andreaceltich/Documents/DEV/Inhouse/DDA2-Inhouse-Backend/app/helpers/utils.js": {"path":"/Users/andreaceltich/Documents/DEV/Inhouse/DDA2-Inhouse-Backend/app/helpers/utils.js","statementMap":{"0":{"start":{"line":1,"column":25},"end":{"line":1,"column":95}},"1":{"start":{"line":1,"column":34},"end":{"line":1,"column":95}},"2":{"start":{"line":1,"column":68},"end":{"line":1,"column":94}},"3":{"start":{"line":3,"column":26},"end":{"line":9,"column":1}},"4":{"start":{"line":4,"column":26},"end":{"line":4,"column":28}},"5":{"start":{"line":5,"column":4},"end":{"line":7,"column":7}},"6":{"start":{"line":6,"column":8},"end":{"line":6,"column":56}},"7":{"start":{"line":8,"column":4},"end":{"line":8,"column":25}},"8":{"start":{"line":11,"column":23},"end":{"line":14,"column":1}},"9":{"start":{"line":12,"column":35},"end":{"line":12,"column":51}},"10":{"start":{"line":13,"column":4},"end":{"line":13,"column":83}},"11":{"start":{"line":16,"column":0},"end":{"line":20,"column":1}}},"fnMap":{"0":{"name":"(anonymous_0)","decl":{"start":{"line":1,"column":25},"end":{"line":1,"column":26}},"loc":{"start":{"line":1,"column":34},"end":{"line":1,"column":95}},"line":1},"1":{"name":"(anonymous_1)","decl":{"start":{"line":1,"column":56},"end":{"line":1,"column":57}},"loc":{"start":{"line":1,"column":68},"end":{"line":1,"column":94}},"line":1},"2":{"name":"(anonymous_2)","decl":{"start":{"line":3,"column":26},"end":{"line":3,"column":27}},"loc":{"start":{"line":3,"column":35},"end":{"line":9,"column":1}},"line":3},"3":{"name":"(anonymous_3)","decl":{"start":{"line":5,"column":29},"end":{"line":5,"column":30}},"loc":{"start":{"line":5,"column":36},"end":{"line":7,"column":5}},"line":5},"4":{"name":"(anonymous_4)","decl":{"start":{"line":11,"column":23},"end":{"line":11,"column":24}},"loc":{"start":{"line":11,"column":41},"end":{"line":14,"column":1}},"line":11}},"branchMap":{"0":{"loc":{"start":{"line":13,"column":11},"end":{"line":13,"column":82}},"type":"cond-expr","locations":[{"start":{"line":13,"column":23},"end":{"line":13,"column":61}},{"start":{"line":13,"column":65},"end":{"line":13,"column":82}}],"line":13},"1":{"loc":{"start":{"line":13,"column":23},"end":{"line":13,"column":61}},"type":"binary-expr","locations":[{"start":{"line":13,"column":23},"end":{"line":13,"column":40}},{"start":{"line":13,"column":44},"end":{"line":13,"column":61}}],"line":13}},"s":{"0":3,"1":9,"2":8,"3":3,"4":2,"5":2,"6":8,"7":2,"8":3,"9":9,"10":9,"11":3},"f":{"0":9,"1":8,"2":2,"3":8,"4":9},"b":{"0":[7,2],"1":[7,3]},"_coverageSchema":"1a1c01bbd47fc00a2c39e90264f33305004495a9","hash":"eab561e5d6ff537ee90693ee2dc1b826db8b393c"}
,"/Users/andreaceltich/Documents/DEV/Inhouse/DDA2-Inhouse-Backend/app/middlewares/userValidations.js": {"path":"/Users/andreaceltich/Documents/DEV/Inhouse/DDA2-Inhouse-Backend/app/middlewares/userValidations.js","statementMap":{"0":{"start":{"line":1,"column":18},"end":{"line":1,"column":46}},"1":{"start":{"line":7,"column":4},"end":{"line":7,"column":35}},"2":{"start":{"line":9,"column":0},"end":{"line":69,"column":4}}},"fnMap":{},"branchMap":{},"s":{"0":2,"1":2,"2":2},"f":{},"b":{},"_coverageSchema":"1a1c01bbd47fc00a2c39e90264f33305004495a9","hash":"d463868dfcdf39b61b34543c45d319dc8179797f"}
,"/Users/andreaceltich/Documents/DEV/Inhouse/DDA2-Inhouse-Backend/app/middlewares/validations.js": {"path":"/Users/andreaceltich/Documents/DEV/Inhouse/DDA2-Inhouse-Backend/app/middlewares/validations.js","statementMap":{"0":{"start":{"line":1,"column":29},"end":{"line":1,"column":57}},"1":{"start":{"line":3,"column":0},"end":{"line":18,"column":2}},"2":{"start":{"line":5,"column":4},"end":{"line":16,"column":5}},"3":{"start":{"line":6,"column":21},"end":{"line":6,"column":42}},"4":{"start":{"line":7,"column":6},"end":{"line":11,"column":7}},"5":{"start":{"line":8,"column":8},"end":{"line":8,"column":15}},"6":{"start":{"line":10,"column":8},"end":{"line":10,"column":23}},"7":{"start":{"line":12,"column":6},"end":{"line":12,"column":22}},"8":{"start":{"line":14,"column":18},"end":{"line":14,"column":29}},"9":{"start":{"line":15,"column":6},"end":{"line":15,"column":52}}},"fnMap":{"0":{"name":"(anonymous_0)","decl":{"start":{"line":4,"column":15},"end":{"line":4,"column":16}},"loc":{"start":{"line":4,"column":35},"end":{"line":17,"column":3}},"line":4}},"branchMap":{"0":{"loc":{"start":{"line":7,"column":6},"end":{"line":11,"column":7}},"type":"if","locations":[{"start":{"line":7,"column":6},"end":{"line":11,"column":7}},{"start":{"line":9,"column":13},"end":{"line":11,"column":7}}],"line":7}},"s":{"0":2,"1":2,"2":10,"3":10,"4":10,"5":1,"6":9,"7":1,"8":9,"9":9},"f":{"0":10},"b":{"0":[1,9]},"_coverageSchema":"1a1c01bbd47fc00a2c39e90264f33305004495a9","hash":"4a14dd0d8d86235049323ee83f9f53f33b2fd6a2"}
,"/Users/andreaceltich/Documents/DEV/Inhouse/DDA2-Inhouse-Backend/app/models/user.js": {"path":"/Users/andreaceltich/Documents/DEV/Inhouse/DDA2-Inhouse-Backend/app/models/user.js","statementMap":{"0":{"start":{"line":1,"column":17},"end":{"line":1,"column":36}},"1":{"start":{"line":2,"column":153},"end":{"line":2,"column":184}},"2":{"start":{"line":4,"column":19},"end":{"line":55,"column":2}},"3":{"start":{"line":57,"column":0},"end":{"line":57,"column":53}}},"fnMap":{},"branchMap":{},"s":{"0":3,"1":3,"2":3,"3":3},"f":{},"b":{},"_coverageSchema":"1a1c01bbd47fc00a2c39e90264f33305004495a9","hash":"dfd1dcf89c6fc36750eb7fcae27e8029c9a7bf4b"}
,"/Users/andreaceltich/Documents/DEV/Inhouse/DDA2-Inhouse-Backend/app/routes/healthCheckRouter.js": {"path":"/Users/andreaceltich/Documents/DEV/Inhouse/DDA2-Inhouse-Backend/app/routes/healthCheckRouter.js","statementMap":{"0":{"start":{"line":1,"column":19},"end":{"line":1,"column":37}},"1":{"start":{"line":3,"column":15},"end":{"line":3,"column":23}},"2":{"start":{"line":5,"column":0},"end":{"line":5,"column":80}},"3":{"start":{"line":5,"column":42},"end":{"line":5,"column":78}},"4":{"start":{"line":7,"column":0},"end":{"line":7,"column":46}}},"fnMap":{"0":{"name":"(anonymous_0)","decl":{"start":{"line":5,"column":28},"end":{"line":5,"column":29}},"loc":{"start":{"line":5,"column":42},"end":{"line":5,"column":78}},"line":5}},"branchMap":{},"s":{"0":2,"1":2,"2":2,"3":1,"4":2},"f":{"0":1},"b":{},"_coverageSchema":"1a1c01bbd47fc00a2c39e90264f33305004495a9","hash":"1f1a7a3f49e3bbd66a1aa44cea2b31e5bcdaf708"}
,"/Users/andreaceltich/Documents/DEV/Inhouse/DDA2-Inhouse-Backend/app/routes/index.js": {"path":"/Users/andreaceltich/Documents/DEV/Inhouse/DDA2-Inhouse-Backend/app/routes/index.js","statementMap":{"0":{"start":{"line":1,"column":23},"end":{"line":1,"column":46}},"1":{"start":{"line":2,"column":30},"end":{"line":2,"column":60}},"2":{"start":{"line":4,"column":0},"end":{"line":7,"column":1}},"3":{"start":{"line":5,"column":2},"end":{"line":5,"column":27}},"4":{"start":{"line":6,"column":2},"end":{"line":6,"column":34}}},"fnMap":{"0":{"name":"(anonymous_0)","decl":{"start":{"line":4,"column":15},"end":{"line":4,"column":16}},"loc":{"start":{"line":4,"column":22},"end":{"line":7,"column":1}},"line":4}},"branchMap":{},"s":{"0":2,"1":2,"2":2,"3":2,"4":2},"f":{"0":2},"b":{},"_coverageSchema":"1a1c01bbd47fc00a2c39e90264f33305004495a9","hash":"1d097abbd2da441e13f7858c3f2783091a78244f"}
,"/Users/andreaceltich/Documents/DEV/Inhouse/DDA2-Inhouse-Backend/app/routes/userRouter.js": {"path":"/Users/andreaceltich/Documents/DEV/Inhouse/DDA2-Inhouse-Backend/app/routes/userRouter.js","statementMap":{"0":{"start":{"line":1,"column":19},"end":{"line":1,"column":37}},"1":{"start":{"line":2,"column":23},"end":{"line":2,"column":63}},"2":{"start":{"line":4,"column":35},"end":{"line":4,"column":76}},"3":{"start":{"line":5,"column":21},"end":{"line":5,"column":58}},"4":{"start":{"line":7,"column":15},"end":{"line":7,"column":23}},"5":{"start":{"line":12,"column":0},"end":{"line":12,"column":91}},"6":{"start":{"line":14,"column":0},"end":{"line":14,"column":46}},"7":{"start":{"line":16,"column":0},"end":{"line":16,"column":53}},"8":{"start":{"line":18,"column":0},"end":{"line":18,"column":40}}},"fnMap":{},"branchMap":{},"s":{"0":2,"1":2,"2":2,"3":2,"4":2,"5":2,"6":2,"7":2,"8":2},"f":{},"b":{},"_coverageSchema":"1a1c01bbd47fc00a2c39e90264f33305004495a9","hash":"5916f4ea18c202a8d27b9b4362dfaa874fd5a81b"}
}
