TN:
SF:app.js
FN:22,(anonymous_0)
FNF:1
FNH:1
FNDA:1,(anonymous_0)
DA:1,2
DA:2,2
DA:3,2
DA:4,2
DA:5,2
DA:9,2
DA:11,2
DA:13,2
DA:15,2
DA:17,2
DA:19,2
DA:21,2
DA:22,2
DA:25,2
DA:27,2
LF:15
LH:15
BRDA:21,0,0,2
BRDA:21,0,1,0
BRF:2
BRH:1
end_of_record
TN:
SF:app/controllers/userController.js
FN:4,(anonymous_0)
FN:14,(anonymous_1)
FN:15,(anonymous_2)
FN:18,(anonymous_3)
FN:20,(anonymous_4)
FN:21,(anonymous_5)
FN:23,(anonymous_6)
FN:25,(anonymous_7)
FN:26,(anonymous_8)
FNF:9
FNH:9
FNDA:3,(anonymous_0)
FNDA:2,(anonymous_1)
FNDA:1,(anonymous_2)
FNDA:3,(anonymous_3)
FNDA:2,(anonymous_4)
FNDA:1,(anonymous_5)
FNDA:3,(anonymous_6)
FNDA:2,(anonymous_7)
FNDA:1,(anonymous_8)
DA:1,3
DA:2,3
DA:4,3
DA:5,3
DA:9,3
DA:10,3
DA:11,3
DA:13,3
DA:14,2
DA:15,1
DA:18,3
DA:19,3
DA:20,2
DA:21,1
DA:23,3
DA:24,3
DA:25,2
DA:26,1
DA:30,3
LF:19
LH:19
BRF:0
BRH:0
end_of_record
TN:
SF:app/helpers/constants.js
FNF:0
FNH:0
DA:1,4
DA:2,4
DA:3,4
DA:4,4
DA:6,4
DA:25,4
DA:26,4
DA:27,4
DA:28,4
DA:29,4
DA:30,4
DA:31,4
DA:32,4
DA:33,4
DA:34,4
DA:36,4
DA:42,4
DA:49,4
DA:55,4
DA:62,4
LF:20
LH:20
BRF:0
BRH:0
end_of_record
TN:
SF:app/helpers/creditScoreHelper.js
FN:6,(anonymous_0)
FN:8,(anonymous_1)
FN:9,(anonymous_2)
FN:16,(anonymous_3)
FN:18,(anonymous_4)
FN:26,(anonymous_5)
FNF:6
FNH:6
FNDA:3,(anonymous_0)
FNDA:12,(anonymous_1)
FNDA:33,(anonymous_2)
FNDA:2,(anonymous_3)
FNDA:8,(anonymous_4)
FNDA:2,(anonymous_5)
DA:1,3
DA:2,3
DA:3,3
DA:4,3
DA:6,3
DA:7,3
DA:8,3
DA:9,12
DA:10,33
DA:13,3
DA:16,3
DA:18,2
DA:19,8
DA:20,5
DA:23,2
DA:26,3
DA:27,2
DA:28,2
DA:35,2
DA:36,2
DA:37,2
DA:38,2
DA:40,0
DA:42,2
DA:45,3
LF:25
LH:24
BRDA:10,0,0,12
BRDA:10,0,1,21
BRDA:19,1,0,5
BRDA:19,1,1,3
BRDA:38,2,0,0
BRDA:38,2,1,2
BRF:6
BRH:5
end_of_record
TN:
SF:app/helpers/utils.js
FN:1,(anonymous_0)
FN:1,(anonymous_1)
FN:3,(anonymous_2)
FN:5,(anonymous_3)
FN:11,(anonymous_4)
FNF:5
FNH:5
FNDA:9,(anonymous_0)
FNDA:8,(anonymous_1)
FNDA:2,(anonymous_2)
FNDA:8,(anonymous_3)
FNDA:9,(anonymous_4)
DA:1,9
DA:3,3
DA:4,2
DA:5,2
DA:6,8
DA:8,2
DA:11,3
DA:12,9
DA:13,9
DA:16,3
LF:10
LH:10
BRDA:13,0,0,7
BRDA:13,0,1,2
BRDA:13,1,0,7
BRDA:13,1,1,3
BRF:4
BRH:4
end_of_record
TN:
SF:app/middlewares/userValidations.js
FNF:0
FNH:0
DA:1,2
DA:7,2
DA:9,2
LF:3
LH:3
BRF:0
BRH:0
end_of_record
TN:
SF:app/middlewares/validations.js
FN:4,(anonymous_0)
FNF:1
FNH:1
FNDA:10,(anonymous_0)
DA:1,2
DA:3,2
DA:5,10
DA:6,10
DA:7,10
DA:8,1
DA:10,9
DA:12,1
DA:14,9
DA:15,9
LF:10
LH:10
BRDA:7,0,0,1
BRDA:7,0,1,9
BRF:2
BRH:2
end_of_record
TN:
SF:app/models/user.js
FNF:0
FNH:0
DA:1,3
DA:2,3
DA:4,3
DA:57,3
LF:4
LH:4
BRF:0
BRH:0
end_of_record
TN:
SF:app/routes/healthCheckRouter.js
FN:5,(anonymous_0)
FNF:1
FNH:1
FNDA:1,(anonymous_0)
DA:1,2
DA:3,2
DA:5,2
DA:7,2
LF:4
LH:4
BRF:0
BRH:0
end_of_record
TN:
SF:app/routes/index.js
FN:4,(anonymous_0)
FNF:1
FNH:1
FNDA:2,(anonymous_0)
DA:1,2
DA:2,2
DA:4,2
DA:5,2
DA:6,2
LF:5
LH:5
BRF:0
BRH:0
end_of_record
TN:
SF:app/routes/userRouter.js
FNF:0
FNH:0
DA:1,2
DA:2,2
DA:4,2
DA:5,2
DA:7,2
DA:12,2
DA:14,2
DA:16,2
DA:18,2
LF:9
LH:9
BRF:0
BRH:0
end_of_record
